Copyright 1986-2014 Xilinx, Inc. All Rights Reserved.
---------------------------------------------------------------------------------------
| Tool Version     : Vivado v.2014.2 (win64) Build 932637 Wed Jun 11 13:33:10 MDT 2014
| Date             : Mon Oct 05 15:47:53 2015
| Host             : ECE-RM213-04 running 64-bit Service Pack 1  (build 7601)
| Command          : 
| Design           : cascade_reg
| Device           : xc7a35tcpg236-1
| Design State     : Routed
| Grade            : commercial
| Process          : typical
| Characterization : Production
---------------------------------------------------------------------------------------

Power Report

Table of Contents
-----------------
1. Summary
1.1 On-Chip Components
1.2 Power Supply Summary
1.3 Confidence Level
2. Settings
2.1 Environment
2.2 Clock Constraints
3. Detailed Reports
3.1 By Hierarchy

1. Summary
----------

+--------------------------+-------+
| Total On-Chip Power (W)  | 3.014 |
| Dynamic (W)              | 2.934 |
| Device Static (W)        | 0.080 |
| Effective TJA (C/W)      | 5.0   |
| Max Ambient (C)          | 69.9  |
| Junction Temperature (C) | 40.1  |
| Confidence Level         | Low   |
| Setting File             | ---   |
| Simulation Activity File | ---   |
| Design Nets Matched      | NA    |
+--------------------------+-------+


1.1 On-Chip Components
----------------------

+--------------+-----------+----------+-----------+-----------------+
| On-Chip      | Power (W) | Used     | Available | Utilization (%) |
+--------------+-----------+----------+-----------+-----------------+
| Slice Logic  |     0.007 |       11 |       --- |             --- |
|   BUFG       |     0.006 |        1 |        32 |            3.12 |
|   Register   |     0.001 |        8 |     41600 |            0.01 |
|   Others     |     0.000 |        2 |       --- |             --- |
| Signals      |     0.035 |       15 |       --- |             --- |
| I/O          |     2.892 |       16 |       106 |           15.09 |
| Static Power |     0.080 |          |           |                 |
| Total        |     3.014 |          |           |                 |
+--------------+-----------+----------+-----------+-----------------+


1.2 Power Supply Summary
------------------------

+-----------+-------------+-----------+-------------+------------+
| Source    | Voltage (V) | Total (A) | Dynamic (A) | Static (A) |
+-----------+-------------+-----------+-------------+------------+
| Vccint    |       1.000 |     0.079 |       0.063 |      0.017 |
| Vccaux    |       1.800 |     0.118 |       0.105 |      0.013 |
| Vcco33    |       3.300 |     0.814 |       0.813 |      0.001 |
| Vcco25    |       2.500 |     0.000 |       0.000 |      0.000 |
| Vcco18    |       1.800 |     0.000 |       0.000 |      0.000 |
| Vcco15    |       1.500 |     0.000 |       0.000 |      0.000 |
| Vcco135   |       1.350 |     0.000 |       0.000 |      0.000 |
| Vcco12    |       1.200 |     0.000 |       0.000 |      0.000 |
| Vccaux_io |       0.000 |     0.000 |       0.000 |      0.000 |
| Vccbram   |       1.000 |     0.000 |       0.000 |      0.000 |
| MGTAVcc   |       1.000 |     0.000 |       0.000 |      0.000 |
| MGTAVtt   |       1.200 |     0.000 |       0.000 |      0.000 |
| Vccadc    |       1.800 |     0.020 |       0.000 |      0.020 |
+-----------+-------------+-----------+-------------+------------+


1.3 Confidence Level
--------------------

+-----------------------------+------------+--------------------------------------------------------+--------------------------------------------------------------------------------------------------------------------+
| User Input Data             | Confidence | Details                                                | Action                                                                                                             |
+-----------------------------+------------+--------------------------------------------------------+--------------------------------------------------------------------------------------------------------------------+
| Design implementation state | High       | Design is routed                                       |                                                                                                                    |
| Clock nodes activity        | Low        | User specified less than 75% of clocks                 | Provide missing clock activity with a constraint file, simulation results or by editing the "By Clock Domain" view |
| I/O nodes activity          | Low        | More than 75% of inputs are missing user specification | Provide missing input activity with simulation results or by editing the "By Resource Type -> I/Os" view           |
| Internal nodes activity     | Medium     | User specified less than 25% of internal nodes         | Provide missing internal nodes activity with simulation results or by editing the "By Resource Type" views         |
| Device models               | High       | Device models are Production                           |                                                                                                                    |
|                             |            |                                                        |                                                                                                                    |
| Overall confidence level    | Low        |                                                        |                                                                                                                    |
+-----------------------------+------------+--------------------------------------------------------+--------------------------------------------------------------------------------------------------------------------+


2. Settings
-----------

2.1 Environment
---------------

+-----------------------+--------------------------+
| Ambient Temp (C)      | 25.0                     |
| ThetaJA (C/W)         | 5.0                      |
| Airflow (LFM)         | 250                      |
| Heat Sink             | medium (Medium Profile)  |
| ThetaSA (C/W)         | 4.6                      |
| Board Selection       | medium (10"x10")         |
| # of Board Layers     | 12to15 (12 to 15 Layers) |
| Board Temperature (C) | 25.0                     |
+-----------------------+--------------------------+


2.2 Clock Constraints
---------------------

+-------+--------+-----------------+
| Clock | Domain | Constraint (ns) |
+-------+--------+-----------------+


3. Detailed Reports
-------------------

3.1 By Hierarchy
----------------

+-------------+-----------+
| Name        | Power (W) |
+-------------+-----------+
| cascade_reg |     2.934 |
|   R1        |     0.012 |
|   R2        |     0.008 |
+-------------+-----------+


