
*** Running vivado
    with args -log cascade_reg.vdi -applog -m64 -messageDb vivado.pb -mode batch -source cascade_reg.tcl -notrace


****** Vivado v2014.2 (64-bit)
  **** SW Build 932637 on Wed Jun 11 13:33:10 MDT 2014
  **** IP Build 924643 on Fri May 30 09:20:16 MDT 2014
    ** Copyright 1986-2014 Xilinx, Inc. All Rights Reserved.

source cascade_reg.tcl -notrace
Design is defaulting to srcset: sources_1
Design is defaulting to constrset: constrs_1
INFO: [Netlist 29-17] Analyzing 6 Unisim elements for replacement
INFO: [Netlist 29-28] Unisim Transformation completed in 0 CPU seconds
INFO: [Project 1-479] Netlist was created with Vivado 2014.2
Loading clock regions from C:/Xilinx/Vivado/2014.2/data\parts/xilinx/artix7/artix7/xc7a35t/ClockRegion.xml
Loading clock buffers from C:/Xilinx/Vivado/2014.2/data\parts/xilinx/artix7/artix7/xc7a35t/ClockBuffers.xml
Loading clock placement rules from C:/Xilinx/Vivado/2014.2/data/parts/xilinx/artix7/ClockPlacerRules.xml
Loading package pin functions from C:/Xilinx/Vivado/2014.2/data\parts/xilinx/artix7/PinFunctions.xml...
Loading package from C:/Xilinx/Vivado/2014.2/data\parts/xilinx/artix7/artix7/xc7a35t/cpg236/Package.xml
Loading io standards from C:/Xilinx/Vivado/2014.2/data\./parts/xilinx/artix7/IOStandards.xml
Loading device configuration modes from C:/Xilinx/Vivado/2014.2/data\parts/xilinx/artix7/ConfigModes.xml
INFO: [Opt 31-140] Inserted 0 IBUFs to IO ports without IO buffers.
INFO: [Opt 31-141] Inserted 0 OBUFs to IO ports without IO buffers.
Parsing XDC File [C:/Users/egh35/Documents/ECEC302/cascade_register_1/cascade_register_1.srcs/constrs_1/imports/basys3_master/Basys3_Master.xdc]
Finished Parsing XDC File [C:/Users/egh35/Documents/ECEC302/cascade_register_1/cascade_register_1.srcs/constrs_1/imports/basys3_master/Basys3_Master.xdc]
INFO: [Opt 31-138] Pushed 0 inverter(s) to 0 load pin(s).
INFO: [Project 1-111] Unisim Transformation Summary:
No Unisim elements were transformed.

Command: opt_design
Attempting to get a license for feature 'Implementation' and/or device 'xc7a35t'
INFO: [Common 17-349] Got license for feature 'Implementation' and/or device 'xc7a35t'
Running DRC as a precondition to command opt_design

Starting DRC Task
INFO: [Drc 23-27] Running DRC with 2 threads
INFO: [Project 1-461] DRC finished with 0 Errors
INFO: [Project 1-462] Please refer to the DRC report (report_drc) for more information.

Time (s): cpu = 00:00:00 ; elapsed = 00:00:00.067 . Memory (MB): peak = 430.941 ; gain = 0.984
INFO: [Timing 38-35] Done setting XDC timing constraints.

Starting Logic Optimization Task

Phase 1 Retarget

INFO: [Opt 31-138] Pushed 0 inverter(s) to 0 load pin(s).
INFO: [Opt 31-49] Retargeted 0 cell(s).
Phase 1 Retarget | Checksum: 1c588c56d

Time (s): cpu = 00:00:00 ; elapsed = 00:00:00.003 . Memory (MB): peak = 846.961 ; gain = 0.000

Phase 2 Constant Propagation
INFO: [Opt 31-138] Pushed 0 inverter(s) to 0 load pin(s).
INFO: [Opt 31-10] Eliminated 0 cells.
Phase 2 Constant Propagation | Checksum: 1c588c56d

Time (s): cpu = 00:00:00 ; elapsed = 00:00:00.004 . Memory (MB): peak = 846.961 ; gain = 0.000

Phase 3 Sweep
INFO: [Opt 31-12] Eliminated 0 unconnected nets.
INFO: [Opt 31-140] Inserted 0 IBUFs to IO ports without IO buffers.
INFO: [Opt 31-141] Inserted 0 OBUFs to IO ports without IO buffers.
INFO: [Opt 31-11] Eliminated 0 unconnected cells.
Phase 3 Sweep | Checksum: 1c588c56d

Time (s): cpu = 00:00:00 ; elapsed = 00:00:00.006 . Memory (MB): peak = 846.961 ; gain = 0.000
Ending Logic Optimization Task | Checksum: 1c588c56d

Time (s): cpu = 00:00:00 ; elapsed = 00:00:00.007 . Memory (MB): peak = 846.961 ; gain = 0.000
Implement Debug Cores | Checksum: 1c588c56d
Logic Optimization | Checksum: 1c588c56d

Starting Power Optimization Task
INFO: [Pwropt 34-132] Will skip clock gating for clocks with period < 3.13 ns.
Ending Power Optimization Task | Checksum: 1c588c56d

Time (s): cpu = 00:00:00 ; elapsed = 00:00:00.005 . Memory (MB): peak = 846.961 ; gain = 0.000
INFO: [Common 17-83] Releasing license: Implementation
22 Infos, 0 Warnings, 0 Critical Warnings and 0 Errors encountered.
opt_design completed successfully
opt_design: Time (s): cpu = 00:00:12 ; elapsed = 00:00:13 . Memory (MB): peak = 846.961 ; gain = 417.703
Writing XDEF routing.
Writing XDEF routing logical nets.
Writing XDEF routing special nets.
Write XDEF Complete: Time (s): cpu = 00:00:00 ; elapsed = 00:00:00.100 . Memory (MB): peak = 846.961 ; gain = 0.000
Command: place_design
Attempting to get a license for feature 'Implementation' and/or device 'xc7a35t'
INFO: [Common 17-349] Got license for feature 'Implementation' and/or device 'xc7a35t'
Running DRC as a precondition to command place_design
INFO: [Drc 23-27] Running DRC with 2 threads
INFO: [Vivado_Tcl 4-198] DRC finished with 0 Errors
INFO: [Vivado_Tcl 4-199] Please refer to the DRC report (report_drc) for more information.

Starting Placer Task
INFO: [Place 30-611] Multithreading enabled for place_design using a maximum of 2 CPUs

Phase 1 Placer Runtime Estimator
Phase 1 Placer Runtime Estimator | Checksum: 10e470a51

Time (s): cpu = 00:00:00 ; elapsed = 00:00:00.020 . Memory (MB): peak = 846.961 ; gain = 0.000

Phase 2 Placer Initialization

Phase 2.1 Placer Initialization Core
Netlist sorting complete. Time (s): cpu = 00:00:00 ; elapsed = 00:00:00 . Memory (MB): peak = 846.961 ; gain = 0.000

Phase 2.1.1 Mandatory Logic Optimization
Netlist sorting complete. Time (s): cpu = 00:00:00 ; elapsed = 00:00:00 . Memory (MB): peak = 846.961 ; gain = 0.000
Phase 2.1.1 Mandatory Logic Optimization | Checksum: 85fb08ef

Time (s): cpu = 00:00:00 ; elapsed = 00:00:00.021 . Memory (MB): peak = 846.961 ; gain = 0.000

Phase 2.1.2 Build Super Logic Region (SLR) Database
Phase 2.1.2 Build Super Logic Region (SLR) Database | Checksum: 85fb08ef

Time (s): cpu = 00:00:00 ; elapsed = 00:00:00.029 . Memory (MB): peak = 846.961 ; gain = 0.000

Phase 2.1.3 Add Constraints
Phase 2.1.3 Add Constraints | Checksum: 85fb08ef

Time (s): cpu = 00:00:00 ; elapsed = 00:00:00.030 . Memory (MB): peak = 846.961 ; gain = 0.000

Phase 2.1.4 Build Shapes/ HD Config

Phase 2.1.4.1 Build Macros
Phase 2.1.4.1 Build Macros | Checksum: 10e470a51

Time (s): cpu = 00:00:00 ; elapsed = 00:00:00.037 . Memory (MB): peak = 846.961 ; gain = 0.000
Phase 2.1.4 Build Shapes/ HD Config | Checksum: 10e470a51

Time (s): cpu = 00:00:00 ; elapsed = 00:00:00.037 . Memory (MB): peak = 846.961 ; gain = 0.000

Phase 2.1.5 IO Placement/ Clock Placement/ Build Placer Device

Phase 2.1.5.1 Pre-Place Cells
Phase 2.1.5.1 Pre-Place Cells | Checksum: 85fb08ef

Time (s): cpu = 00:00:00 ; elapsed = 00:00:00.040 . Memory (MB): peak = 846.961 ; gain = 0.000
INFO: [Timing 38-35] Done setting XDC timing constraints.

Phase 2.1.5.2 IO & Clk Clean Up
Phase 2.1.5.2 IO & Clk Clean Up | Checksum: 85fb08ef

Time (s): cpu = 00:00:00 ; elapsed = 00:00:00.158 . Memory (MB): peak = 846.961 ; gain = 0.000

Phase 2.1.5.3 Implementation Feasibility check On IDelay
Phase 2.1.5.3 Implementation Feasibility check On IDelay | Checksum: 85fb08ef

Time (s): cpu = 00:00:00 ; elapsed = 00:00:00.159 . Memory (MB): peak = 846.961 ; gain = 0.000

Phase 2.1.5.4 Commit IO Placement
Phase 2.1.5.4 Commit IO Placement | Checksum: 9ce7ecec

Time (s): cpu = 00:00:00 ; elapsed = 00:00:00.160 . Memory (MB): peak = 846.961 ; gain = 0.000
Phase 2.1.5 IO Placement/ Clock Placement/ Build Placer Device | Checksum: 12533ee4e

Time (s): cpu = 00:00:00 ; elapsed = 00:00:00.160 . Memory (MB): peak = 846.961 ; gain = 0.000

Phase 2.1.6 Build Placer Netlist Model

Phase 2.1.6.1 Place Init Design
Phase 2.1.6.1 Place Init Design | Checksum: 1a96ab69b

Time (s): cpu = 00:00:00 ; elapsed = 00:00:00.167 . Memory (MB): peak = 846.961 ; gain = 0.000
Phase 2.1.6 Build Placer Netlist Model | Checksum: 1a96ab69b

Time (s): cpu = 00:00:00 ; elapsed = 00:00:00.167 . Memory (MB): peak = 846.961 ; gain = 0.000

Phase 2.1.7 Constrain Clocks/Macros

Phase 2.1.7.1 Constrain Global/Regional Clocks
Phase 2.1.7.1 Constrain Global/Regional Clocks | Checksum: 1a96ab69b

Time (s): cpu = 00:00:00 ; elapsed = 00:00:00.170 . Memory (MB): peak = 846.961 ; gain = 0.000
Phase 2.1.7 Constrain Clocks/Macros | Checksum: 1a96ab69b

Time (s): cpu = 00:00:00 ; elapsed = 00:00:00.170 . Memory (MB): peak = 846.961 ; gain = 0.000
Phase 2.1 Placer Initialization Core | Checksum: 1a96ab69b

Time (s): cpu = 00:00:00 ; elapsed = 00:00:00.171 . Memory (MB): peak = 846.961 ; gain = 0.000
Phase 2 Placer Initialization | Checksum: 1a96ab69b

Time (s): cpu = 00:00:00 ; elapsed = 00:00:00.171 . Memory (MB): peak = 846.961 ; gain = 0.000

Phase 3 Global Placement
Phase 3 Global Placement | Checksum: 18f5b1e13

Time (s): cpu = 00:00:01 ; elapsed = 00:00:00.289 . Memory (MB): peak = 846.961 ; gain = 0.000

Phase 4 Detail Placement

Phase 4.1 Commit Multi Column Macros
Phase 4.1 Commit Multi Column Macros | Checksum: 18f5b1e13

Time (s): cpu = 00:00:01 ; elapsed = 00:00:00.290 . Memory (MB): peak = 846.961 ; gain = 0.000

Phase 4.2 Commit Most Macros & LUTRAMs
Phase 4.2 Commit Most Macros & LUTRAMs | Checksum: 147ec2f1e

Time (s): cpu = 00:00:01 ; elapsed = 00:00:00.298 . Memory (MB): peak = 846.961 ; gain = 0.000

Phase 4.3 Area Swap Optimization
Phase 4.3 Area Swap Optimization | Checksum: 148250ea8

Time (s): cpu = 00:00:01 ; elapsed = 00:00:00.305 . Memory (MB): peak = 846.961 ; gain = 0.000

Phase 4.4 Commit Small Macros & Core Logic
Phase 4.4 Commit Small Macros & Core Logic | Checksum: 1dc3436a3

Time (s): cpu = 00:00:01 ; elapsed = 00:00:00.395 . Memory (MB): peak = 846.961 ; gain = 0.000

Phase 4.5 Re-assign LUT pins
Phase 4.5 Re-assign LUT pins | Checksum: 1dc3436a3

Time (s): cpu = 00:00:01 ; elapsed = 00:00:00.403 . Memory (MB): peak = 846.961 ; gain = 0.000
Phase 4 Detail Placement | Checksum: 1dc3436a3

Time (s): cpu = 00:00:01 ; elapsed = 00:00:00.404 . Memory (MB): peak = 846.961 ; gain = 0.000

Phase 5 Post Placement Optimization and Clean-Up

Phase 5.1 PCOPT Shape updates
Phase 5.1 PCOPT Shape updates | Checksum: 1dc3436a3

Time (s): cpu = 00:00:01 ; elapsed = 00:00:00.405 . Memory (MB): peak = 846.961 ; gain = 0.000

Phase 5.2 Post Placement Cleanup
Phase 5.2 Post Placement Cleanup | Checksum: 1dc3436a3

Time (s): cpu = 00:00:01 ; elapsed = 00:00:00.406 . Memory (MB): peak = 846.961 ; gain = 0.000

Phase 5.3 Placer Reporting
Phase 5.3 Placer Reporting | Checksum: 1dc3436a3

Time (s): cpu = 00:00:01 ; elapsed = 00:00:00.406 . Memory (MB): peak = 846.961 ; gain = 0.000

Phase 5.4 Final Placement Cleanup
Phase 5.4 Final Placement Cleanup | Checksum: 1dc3436a3

Time (s): cpu = 00:00:01 ; elapsed = 00:00:00.406 . Memory (MB): peak = 846.961 ; gain = 0.000
Phase 5 Post Placement Optimization and Clean-Up | Checksum: 1dc3436a3

Time (s): cpu = 00:00:01 ; elapsed = 00:00:00.407 . Memory (MB): peak = 846.961 ; gain = 0.000
Ending Placer Task | Checksum: 1052f4657

Time (s): cpu = 00:00:00 ; elapsed = 00:00:00.409 . Memory (MB): peak = 846.961 ; gain = 0.000
INFO: [Common 17-83] Releasing license: Implementation
29 Infos, 0 Warnings, 0 Critical Warnings and 0 Errors encountered.
place_design completed successfully
Writing XDEF routing.
Writing XDEF routing logical nets.
Writing XDEF routing special nets.
Write XDEF Complete: Time (s): cpu = 00:00:00 ; elapsed = 00:00:00.093 . Memory (MB): peak = 846.961 ; gain = 0.000
report_utilization: Time (s): cpu = 00:00:00 ; elapsed = 00:00:00.041 . Memory (MB): peak = 846.961 ; gain = 0.000
Command: route_design
Attempting to get a license for feature 'Implementation' and/or device 'xc7a35t'
INFO: [Common 17-349] Got license for feature 'Implementation' and/or device 'xc7a35t'
Running DRC as a precondition to command route_design
INFO: [Drc 23-27] Running DRC with 2 threads
INFO: [Vivado_Tcl 4-198] DRC finished with 0 Errors
INFO: [Vivado_Tcl 4-199] Please refer to the DRC report (report_drc) for more information.


Starting Routing Task
INFO: [Route 35-254] Multithreading enabled for route_design using a maximum of 2 CPUs

Starting Route Task

Phase 1 Build RT Design
Phase 1 Build RT Design | Checksum: 157ecb947

Time (s): cpu = 00:00:21 ; elapsed = 00:00:19 . Memory (MB): peak = 974.676 ; gain = 120.266

Phase 2 Router Initialization
INFO: [Route 35-64] No timing constraints were detected. The router will operate in resource-optimization mode.
 Number of Nodes with overlaps = 0
Phase 2 Router Initialization | Checksum: 43b03ed5

Time (s): cpu = 00:00:21 ; elapsed = 00:00:19 . Memory (MB): peak = 980.840 ; gain = 126.430

Phase 3 Initial Routing
Phase 3 Initial Routing | Checksum: fc74f787

Time (s): cpu = 00:00:21 ; elapsed = 00:00:19 . Memory (MB): peak = 980.840 ; gain = 126.430

Phase 4 Rip-up And Reroute

Phase 4.1 Global Iteration 0
 Number of Nodes with overlaps = 0
Phase 4.1 Global Iteration 0 | Checksum: 992352fe

Time (s): cpu = 00:00:21 ; elapsed = 00:00:19 . Memory (MB): peak = 980.840 ; gain = 126.430
Phase 4 Rip-up And Reroute | Checksum: 992352fe

Time (s): cpu = 00:00:21 ; elapsed = 00:00:19 . Memory (MB): peak = 980.840 ; gain = 126.430

Phase 5 Post Hold Fix
Phase 5 Post Hold Fix | Checksum: 992352fe

Time (s): cpu = 00:00:21 ; elapsed = 00:00:19 . Memory (MB): peak = 980.840 ; gain = 126.430

Phase 6 Route finalize

Router Utilization Summary
  Global Vertical Routing Utilization    = 0.00972654 %
  Global Horizontal Routing Utilization  = 0.00390422 %
  Routable Net Status*
  *Does not include unroutable nets such as driverless and loadless.
  Run report_route_status for detailed report.
  Number of Failed Nets               = 0
  Number of Unrouted Nets             = 0
  Number of Partially Routed Nets     = 0
  Number of Node Overlaps             = 0

Congestion Report
North Dir 1x1 Area, Max Cong = 16.2162%, No Congested Regions.
South Dir 1x1 Area, Max Cong = 16.2162%, No Congested Regions.
East Dir 1x1 Area, Max Cong = 4.41176%, No Congested Regions.
West Dir 1x1 Area, Max Cong = 7.35294%, No Congested Regions.
Phase 6 Route finalize | Checksum: 992352fe

Time (s): cpu = 00:00:21 ; elapsed = 00:00:19 . Memory (MB): peak = 980.840 ; gain = 126.430

Phase 7 Verifying routed nets

 Verification completed successfully
Phase 7 Verifying routed nets | Checksum: 992352fe

Time (s): cpu = 00:00:21 ; elapsed = 00:00:19 . Memory (MB): peak = 981.992 ; gain = 127.582

Phase 8 Depositing Routes
Phase 8 Depositing Routes | Checksum: 992352fe

Time (s): cpu = 00:00:21 ; elapsed = 00:00:19 . Memory (MB): peak = 981.992 ; gain = 127.582
INFO: [Route 35-16] Router Completed Successfully
Ending Route Task | Checksum: 992352fe

Time (s): cpu = 00:00:00 ; elapsed = 00:00:19 . Memory (MB): peak = 981.992 ; gain = 127.582

Routing Is Done.

Time (s): cpu = 00:00:00 ; elapsed = 00:00:19 . Memory (MB): peak = 981.992 ; gain = 127.582
INFO: [Common 17-83] Releasing license: Implementation
37 Infos, 0 Warnings, 0 Critical Warnings and 0 Errors encountered.
route_design completed successfully
route_design: Time (s): cpu = 00:00:22 ; elapsed = 00:00:20 . Memory (MB): peak = 981.992 ; gain = 135.031
Writing XDEF routing.
Writing XDEF routing logical nets.
Writing XDEF routing special nets.
Write XDEF Complete: Time (s): cpu = 00:00:00 ; elapsed = 00:00:00.081 . Memory (MB): peak = 981.992 ; gain = 0.000
INFO: [Drc 23-27] Running DRC with 2 threads
INFO: [Coretcl 2-168] The results of DRC are in file C:/Users/egh35/Documents/ECEC302/cascade_register_1/cascade_register_1.runs/impl_1/cascade_reg_drc_routed.rpt.
INFO: [Timing 38-91] UpdateTimingParams: Speed grade: -1, Delay Type: min_max, Constraints type: SDC.
INFO: [Timing 38-191] Multithreading enabled for timing update using a maximum of 2 CPUs
WARNING: [Power 33-232] No user defined clocks was found in the design!
Resolution: Please specify clocks using create_clock/create_generated_clock for sequential elements. For pure combinatorial circuits, please specify a virtual clock, otherwise the vectorless estimation might be inaccurate
Running Vector-less Activity Propagation...

Finished Running Vector-less Activity Propagation
Attempting to get a license for feature 'Implementation' and/or device 'xc7a35t'
INFO: [Common 17-349] Got license for feature 'Implementation' and/or device 'xc7a35t'
Running DRC as a precondition to command write_bitstream
INFO: [Drc 23-27] Running DRC with 2 threads
INFO: [Vivado 12-3199] DRC finished with 0 Errors, 1 Warnings
INFO: [Vivado 12-3200] Please refer to the DRC report (report_drc) for more information.
Loading data files...
Loading site data...
Loading route data...
Processing options...
Creating bitmap...
Creating bitstream...
Writing bitstream ./cascade_reg.bit...
INFO: [Vivado 12-1842] Bitgen Completed Successfully.
INFO: [Project 1-118] WebTalk data collection is enabled (User setting is ON. Install Setting is ON.).
INFO: [Common 17-185] WebTalk report has not been sent to Xilinx. Please check your network and proxy settings.
INFO: [Common 17-83] Releasing license: Implementation
write_bitstream: Time (s): cpu = 00:00:17 ; elapsed = 00:00:23 . Memory (MB): peak = 1310.715 ; gain = 320.961
INFO: [Common 17-206] Exiting Vivado at Mon Oct 05 15:48:16 2015...
