
*** Running vivado
    with args -log pipeline.vds -m64 -mode batch -messageDb vivado.pb -notrace -source pipeline.tcl


****** Vivado v2015.2 (64-bit)
  **** SW Build 1266856 on Fri Jun 26 16:35:25 MDT 2015
  **** IP Build 1264090 on Wed Jun 24 14:22:01 MDT 2015
    ** Copyright 1986-2015 Xilinx, Inc. All Rights Reserved.

source pipeline.tcl -notrace
Command: synth_design -top pipeline -part xc7a35tcpg236-1
Starting synth_design
Attempting to get a license for feature 'Synthesis' and/or device 'xc7a35t'
INFO: [Common 17-349] Got license for feature 'Synthesis' and/or device 'xc7a35t'
---------------------------------------------------------------------------------
Starting RTL Elaboration : Time (s): cpu = 00:00:04 ; elapsed = 00:00:05 . Memory (MB): peak = 267.289 ; gain = 81.117
---------------------------------------------------------------------------------
INFO: [Synth 8-638] synthesizing module 'pipeline' [E:/ECEC302/Projects/pipeline/pipeline.srcs/sources_1/new/pipeline.vhd:15]
	Parameter N bound to: 4 - type: integer 
INFO: [Synth 8-3491] module 'DFF' declared at 'E:/ECEC302/Projects/DFF.vhd:4' bound to instance 'D' of component 'DFF' [E:/ECEC302/Projects/pipeline/pipeline.srcs/sources_1/new/pipeline.vhd:37]
INFO: [Synth 8-638] synthesizing module 'DFF' [E:/ECEC302/Projects/DFF.vhd:9]
INFO: [Synth 8-256] done synthesizing module 'DFF' (1#1) [E:/ECEC302/Projects/DFF.vhd:9]
INFO: [Synth 8-3491] module 'PE' declared at 'E:/ECEC302/Projects/pipeline/pipeline.srcs/sources_1/new/PE.vhd:7' bound to instance 'cell' of component 'PE' [E:/ECEC302/Projects/pipeline/pipeline.srcs/sources_1/new/pipeline.vhd:42]
INFO: [Synth 8-638] synthesizing module 'PE' [E:/ECEC302/Projects/pipeline/pipeline.srcs/sources_1/new/PE.vhd:13]
INFO: [Synth 8-256] done synthesizing module 'PE' (2#1) [E:/ECEC302/Projects/pipeline/pipeline.srcs/sources_1/new/PE.vhd:13]
INFO: [Synth 8-3491] module 'PE' declared at 'E:/ECEC302/Projects/pipeline/pipeline.srcs/sources_1/new/PE.vhd:7' bound to instance 'cell' of component 'PE' [E:/ECEC302/Projects/pipeline/pipeline.srcs/sources_1/new/pipeline.vhd:46]
INFO: [Synth 8-3491] module 'PE' declared at 'E:/ECEC302/Projects/pipeline/pipeline.srcs/sources_1/new/PE.vhd:7' bound to instance 'cell' of component 'PE' [E:/ECEC302/Projects/pipeline/pipeline.srcs/sources_1/new/pipeline.vhd:46]
INFO: [Synth 8-3491] module 'PE' declared at 'E:/ECEC302/Projects/pipeline/pipeline.srcs/sources_1/new/PE.vhd:7' bound to instance 'cell' of component 'PE' [E:/ECEC302/Projects/pipeline/pipeline.srcs/sources_1/new/pipeline.vhd:50]
INFO: [Synth 8-256] done synthesizing module 'pipeline' (3#1) [E:/ECEC302/Projects/pipeline/pipeline.srcs/sources_1/new/pipeline.vhd:15]
---------------------------------------------------------------------------------
Finished RTL Elaboration : Time (s): cpu = 00:00:05 ; elapsed = 00:00:07 . Memory (MB): peak = 302.508 ; gain = 116.336
---------------------------------------------------------------------------------

Report Check Netlist: 
+------+------------------+-------+---------+-------+------------------+
|      |Item              |Errors |Warnings |Status |Description       |
+------+------------------+-------+---------+-------+------------------+
|1     |multi_driven_nets |      0|        0|Passed |Multi driven nets |
+------+------------------+-------+---------+-------+------------------+
---------------------------------------------------------------------------------
Finished RTL Optimization Phase 1 : Time (s): cpu = 00:00:05 ; elapsed = 00:00:07 . Memory (MB): peak = 302.508 ; gain = 116.336
---------------------------------------------------------------------------------
INFO: [Device 21-403] Loading part xc7a35tcpg236-1
INFO: [Project 1-570] Preparing netlist for logic optimization

Processing XDC Constraints
Initializing timing engine
Parsing XDC File [E:/ECEC302/Projects/pipeline/pipeline.srcs/sources_1/new/Basys3_Master.xdc]
Finished Parsing XDC File [E:/ECEC302/Projects/pipeline/pipeline.srcs/sources_1/new/Basys3_Master.xdc]
Completed Processing XDC Constraints

INFO: [Project 1-111] Unisim Transformation Summary:
No Unisim elements were transformed.

Constraint Validation Runtime : Time (s): cpu = 00:00:00 ; elapsed = 00:00:00.014 . Memory (MB): peak = 575.188 ; gain = 0.000
---------------------------------------------------------------------------------
Finished Constraint Validation : Time (s): cpu = 00:00:10 ; elapsed = 00:00:14 . Memory (MB): peak = 575.188 ; gain = 389.016
---------------------------------------------------------------------------------
---------------------------------------------------------------------------------
Start Loading Part and Timing Information
---------------------------------------------------------------------------------
Loading part: xc7a35tcpg236-1
---------------------------------------------------------------------------------
Finished Loading Part and Timing Information : Time (s): cpu = 00:00:10 ; elapsed = 00:00:14 . Memory (MB): peak = 575.188 ; gain = 389.016
---------------------------------------------------------------------------------
---------------------------------------------------------------------------------
Start Applying 'set_property' XDC Constraints
---------------------------------------------------------------------------------
---------------------------------------------------------------------------------
Finished applying 'set_property' XDC Constraints : Time (s): cpu = 00:00:10 ; elapsed = 00:00:14 . Memory (MB): peak = 575.188 ; gain = 389.016
---------------------------------------------------------------------------------
---------------------------------------------------------------------------------
Finished RTL Optimization Phase 2 : Time (s): cpu = 00:00:10 ; elapsed = 00:00:14 . Memory (MB): peak = 575.188 ; gain = 389.016
---------------------------------------------------------------------------------

Report RTL Partitions: 
+-+--------------+------------+----------+
| |RTL Partition |Replication |Instances |
+-+--------------+------------+----------+
+-+--------------+------------+----------+
---------------------------------------------------------------------------------
Start RTL Component Statistics 
---------------------------------------------------------------------------------
Detailed RTL Component Info : 
+---XORs : 
	   3 Input      1 Bit         XORs := 4     
+---Registers : 
	                2 Bit    Registers := 1     
	                1 Bit    Registers := 14    
+---Muxes : 
	   4 Input      2 Bit        Muxes := 1     
	   4 Input      1 Bit        Muxes := 1     
---------------------------------------------------------------------------------
Finished RTL Component Statistics 
---------------------------------------------------------------------------------
---------------------------------------------------------------------------------
Start RTL Hierarchical Component Statistics 
---------------------------------------------------------------------------------
Hierarchical RTL Component report 
Module pipeline 
Detailed RTL Component Info : 
+---Registers : 
	                2 Bit    Registers := 1     
	                1 Bit    Registers := 1     
+---Muxes : 
	   4 Input      2 Bit        Muxes := 1     
	   4 Input      1 Bit        Muxes := 1     
Module DFF 
Detailed RTL Component Info : 
+---Registers : 
	                1 Bit    Registers := 1     
Module PE 
Detailed RTL Component Info : 
+---XORs : 
	   3 Input      1 Bit         XORs := 1     
+---Registers : 
	                1 Bit    Registers := 3     
---------------------------------------------------------------------------------
Finished RTL Hierarchical Component Statistics
---------------------------------------------------------------------------------
---------------------------------------------------------------------------------
Start Part Resource Summary
---------------------------------------------------------------------------------
Part Resources:
DSPs: 120 (col length:60)
BRAMs: 150 (col length: RAMB18 60 RAMB36 30)
---------------------------------------------------------------------------------
Finished Part Resource Summary
---------------------------------------------------------------------------------
Start Parallel Synthesis Optimization  : Time (s): cpu = 00:00:10 ; elapsed = 00:00:14 . Memory (MB): peak = 575.188 ; gain = 389.016
---------------------------------------------------------------------------------
Start Cross Boundary Optimization
---------------------------------------------------------------------------------
---------------------------------------------------------------------------------
Finished Cross Boundary Optimization : Time (s): cpu = 00:00:10 ; elapsed = 00:00:14 . Memory (MB): peak = 575.188 ; gain = 389.016
---------------------------------------------------------------------------------
Finished Parallel Reinference  : Time (s): cpu = 00:00:10 ; elapsed = 00:00:14 . Memory (MB): peak = 575.188 ; gain = 389.016

Report RTL Partitions: 
+-+--------------+------------+----------+
| |RTL Partition |Replication |Instances |
+-+--------------+------------+----------+
+-+--------------+------------+----------+
---------------------------------------------------------------------------------
Start Area Optimization
---------------------------------------------------------------------------------
---------------------------------------------------------------------------------
Finished Area Optimization : Time (s): cpu = 00:00:10 ; elapsed = 00:00:14 . Memory (MB): peak = 575.188 ; gain = 389.016
---------------------------------------------------------------------------------
Finished Parallel Area Optimization  : Time (s): cpu = 00:00:10 ; elapsed = 00:00:14 . Memory (MB): peak = 575.188 ; gain = 389.016

Report RTL Partitions: 
+-+--------------+------------+----------+
| |RTL Partition |Replication |Instances |
+-+--------------+------------+----------+
+-+--------------+------------+----------+
Finished Parallel Synthesis Optimization  : Time (s): cpu = 00:00:10 ; elapsed = 00:00:14 . Memory (MB): peak = 575.188 ; gain = 389.016
---------------------------------------------------------------------------------
Start Timing Optimization
---------------------------------------------------------------------------------
---------------------------------------------------------------------------------
Start Applying XDC Timing Constraints
---------------------------------------------------------------------------------
---------------------------------------------------------------------------------
Finished Applying XDC Timing Constraints : Time (s): cpu = 00:00:20 ; elapsed = 00:00:24 . Memory (MB): peak = 575.188 ; gain = 389.016
---------------------------------------------------------------------------------
---------------------------------------------------------------------------------
Finished Timing Optimization : Time (s): cpu = 00:00:20 ; elapsed = 00:00:24 . Memory (MB): peak = 575.188 ; gain = 389.016
---------------------------------------------------------------------------------

Report RTL Partitions: 
+-+--------------+------------+----------+
| |RTL Partition |Replication |Instances |
+-+--------------+------------+----------+
+-+--------------+------------+----------+
---------------------------------------------------------------------------------
Start Technology Mapping
---------------------------------------------------------------------------------
---------------------------------------------------------------------------------
Finished Technology Mapping : Time (s): cpu = 00:00:20 ; elapsed = 00:00:24 . Memory (MB): peak = 577.367 ; gain = 391.195
---------------------------------------------------------------------------------

Report RTL Partitions: 
+-+--------------+------------+----------+
| |RTL Partition |Replication |Instances |
+-+--------------+------------+----------+
+-+--------------+------------+----------+
---------------------------------------------------------------------------------
Start IO Insertion
---------------------------------------------------------------------------------
---------------------------------------------------------------------------------
Start Final Netlist Cleanup
---------------------------------------------------------------------------------
---------------------------------------------------------------------------------
Finished Final Netlist Cleanup
---------------------------------------------------------------------------------
---------------------------------------------------------------------------------
Finished IO Insertion : Time (s): cpu = 00:00:21 ; elapsed = 00:00:25 . Memory (MB): peak = 577.367 ; gain = 391.195
---------------------------------------------------------------------------------

Report Check Netlist: 
+------+------------------+-------+---------+-------+------------------+
|      |Item              |Errors |Warnings |Status |Description       |
+------+------------------+-------+---------+-------+------------------+
|1     |multi_driven_nets |      0|        0|Passed |Multi driven nets |
+------+------------------+-------+---------+-------+------------------+
---------------------------------------------------------------------------------
Start Renaming Generated Instances
---------------------------------------------------------------------------------
---------------------------------------------------------------------------------
Finished Renaming Generated Instances : Time (s): cpu = 00:00:21 ; elapsed = 00:00:25 . Memory (MB): peak = 577.367 ; gain = 391.195
---------------------------------------------------------------------------------

Report RTL Partitions: 
+-+--------------+------------+----------+
| |RTL Partition |Replication |Instances |
+-+--------------+------------+----------+
+-+--------------+------------+----------+
---------------------------------------------------------------------------------
Start Rebuilding User Hierarchy
---------------------------------------------------------------------------------
---------------------------------------------------------------------------------
Finished Rebuilding User Hierarchy : Time (s): cpu = 00:00:21 ; elapsed = 00:00:25 . Memory (MB): peak = 577.367 ; gain = 391.195
---------------------------------------------------------------------------------
---------------------------------------------------------------------------------
Start Renaming Generated Ports : Time (s): cpu = 00:00:21 ; elapsed = 00:00:25 . Memory (MB): peak = 577.367 ; gain = 391.195
---------------------------------------------------------------------------------
---------------------------------------------------------------------------------
Finished Renaming Generated Ports : Time (s): cpu = 00:00:21 ; elapsed = 00:00:25 . Memory (MB): peak = 577.367 ; gain = 391.195
---------------------------------------------------------------------------------
---------------------------------------------------------------------------------
Start Writing Synthesis Report
---------------------------------------------------------------------------------

Report BlackBoxes: 
+-+--------------+----------+
| |BlackBox name |Instances |
+-+--------------+----------+
+-+--------------+----------+

Report Cell Usage: 
+------+-----+------+
|      |Cell |Count |
+------+-----+------+
|1     |BUFG |     1|
|2     |LUT3 |     3|
|3     |LUT4 |     7|
|4     |LUT5 |     1|
|5     |FDRE |    15|
|6     |IBUF |     9|
|7     |OBUF |     1|
+------+-----+------+

Report Instance Areas: 
+------+------------------+-------+------+
|      |Instance          |Module |Cells |
+------+------------------+-------+------+
|1     |top               |       |    37|
|2     |  D               |DFF    |     1|
|3     |  \g1[0].g2.cell  |PE     |     5|
|4     |  \g1[1].g3.cell  |PE_0   |     7|
|5     |  \g1[2].g3.cell  |PE_1   |     5|
|6     |  \g1[3].g4.cell  |PE_2   |     2|
+------+------------------+-------+------+
---------------------------------------------------------------------------------
Finished Writing Synthesis Report : Time (s): cpu = 00:00:21 ; elapsed = 00:00:25 . Memory (MB): peak = 577.367 ; gain = 391.195
---------------------------------------------------------------------------------
Synthesis finished with 0 errors, 0 critical warnings and 0 warnings.
Synthesis Optimization Runtime : Time (s): cpu = 00:00:13 ; elapsed = 00:00:18 . Memory (MB): peak = 577.367 ; gain = 84.809
Synthesis Optimization Complete : Time (s): cpu = 00:00:21 ; elapsed = 00:00:25 . Memory (MB): peak = 577.367 ; gain = 391.195
INFO: [Project 1-571] Translating synthesized netlist
INFO: [Netlist 29-17] Analyzing 9 Unisim elements for replacement
INFO: [Netlist 29-28] Unisim Transformation completed in 0 CPU seconds
INFO: [Project 1-570] Preparing netlist for logic optimization
INFO: [Opt 31-138] Pushed 0 inverter(s) to 0 load pin(s).
INFO: [Project 1-111] Unisim Transformation Summary:
No Unisim elements were transformed.

INFO: [Common 17-83] Releasing license: Synthesis
22 Infos, 0 Warnings, 0 Critical Warnings and 0 Errors encountered.
synth_design completed successfully
synth_design: Time (s): cpu = 00:00:20 ; elapsed = 00:00:23 . Memory (MB): peak = 577.367 ; gain = 363.691
report_utilization: Time (s): cpu = 00:00:00 ; elapsed = 00:00:00.097 . Memory (MB): peak = 577.367 ; gain = 0.000
INFO: [Common 17-206] Exiting Vivado at Wed Nov 04 16:34:08 2015...
