Copyright 1986-2015 Xilinx, Inc. All Rights Reserved.
-----------------------------------------------------------------------------------------
| Tool Version : Vivado v.2015.2 (win64) Build 1266856 Fri Jun 26 16:35:25 MDT 2015
| Date         : Mon Oct 26 15:58:54 2015
| Host         : ECE-RM213-04 running 64-bit Service Pack 1  (build 7601)
| Command      : report_control_sets -verbose -file serial_adder_control_sets_placed.rpt
| Design       : serial_adder
| Device       : xc7a35t
-----------------------------------------------------------------------------------------

Control Set Information

Table of Contents
-----------------
1. Summary
2. Flip-Flop Distribution
3. Detailed Control Set Information

1. Summary
----------

+-------------------------------------------------------------------+-------+
|                               Status                              | Count |
+-------------------------------------------------------------------+-------+
| Number of unique control sets                                     |     3 |
| Minimum Number of register sites lost to control set restrictions |    14 |
+-------------------------------------------------------------------+-------+


2. Flip-Flop Distribution
-------------------------

+--------------+-----------------------+------------------------+-----------------+--------------+
| Clock Enable | Synchronous Set/Reset | Asynchronous Set/Reset | Total Registers | Total Slices |
+--------------+-----------------------+------------------------+-----------------+--------------+
| No           | No                    | No                     |               3 |            1 |
| No           | No                    | Yes                    |               1 |            1 |
| No           | Yes                   | No                     |               0 |            0 |
| Yes          | No                    | No                     |               0 |            0 |
| Yes          | No                    | Yes                    |              38 |           11 |
| Yes          | Yes                   | No                     |               0 |            0 |
+--------------+-----------------------+------------------------+-----------------+--------------+


3. Detailed Control Set Information
-----------------------------------

+---------------+---------------+------------------+------------------+----------------+
|  Clock Signal | Enable Signal | Set/Reset Signal | Slice Load Count | Bel Load Count |
+---------------+---------------+------------------+------------------+----------------+
|  clk_BUFG     |               | state_i_3_n_0    |                1 |              1 |
|  ck_IBUF_BUFG |               |                  |                1 |              3 |
|  clk_BUFG     | sel           | state_i_3_n_0    |               11 |             38 |
+---------------+---------------+------------------+------------------+----------------+


